<?xml version="1.0" encoding="UTF-8"?>
<testng-results ignored="0" total="3" passed="2" failed="1" skipped="0">
  <reporter-output>
    <line>
      <![CDATA[Test Description: Filling Address Details for the logged-in User]]>
    </line>
  </reporter-output>
  <suite started-at="2025-03-01T14:31:50 IST" name="GLAMS Test Suite" finished-at="2025-03-01T14:32:07 IST" duration-ms="17817">
    <groups>
    </groups>
    <test started-at="2025-03-01T14:31:50 IST" name="GLAMS Address Page Test" finished-at="2025-03-01T14:32:07 IST" duration-ms="17817">
      <class name="com.ninja.qa.SearchPage_TC_001">
        <test-method is-config="true" signature="setUp()[pri:0, instance:com.ninja.qa.SearchPage_TC_001@7dda48d9]" started-at="2025-03-01T14:31:50 IST" name="setUp" finished-at="2025-03-01T14:31:55 IST" duration-ms="5192" status="PASS">
          <reporter-output>
          </reporter-output>
        </test-method> <!-- setUp -->
        <test-method signature="TestSearchPage_TC_001()[pri:0, instance:com.ninja.qa.SearchPage_TC_001@7dda48d9]" started-at="2025-03-01T14:31:55 IST" name="TestSearchPage_TC_001" finished-at="2025-03-01T14:31:56 IST" duration-ms="1139" status="PASS">
          <reporter-output>
          </reporter-output>
        </test-method> <!-- TestSearchPage_TC_001 -->
        <test-method is-config="true" signature="tearDown()[pri:0, instance:com.ninja.qa.SearchPage_TC_001@7dda48d9]" started-at="2025-03-01T14:31:56 IST" name="tearDown" finished-at="2025-03-01T14:31:56 IST" duration-ms="340" status="PASS">
          <reporter-output>
          </reporter-output>
        </test-method> <!-- tearDown -->
      </class> <!-- com.ninja.qa.SearchPage_TC_001 -->
      <class name="com.ninja.qa.AddToCartPage_TC_002">
        <test-method is-config="true" signature="setUp()[pri:0, instance:com.ninja.qa.AddToCartPage_TC_002@6995bf68]" started-at="2025-03-01T14:31:56 IST" name="setUp" finished-at="2025-03-01T14:32:00 IST" duration-ms="3415" status="PASS">
          <reporter-output>
          </reporter-output>
        </test-method> <!-- setUp -->
        <test-method signature="TestAddToCartPage_TC_002()[pri:0, instance:com.ninja.qa.AddToCartPage_TC_002@6995bf68]" started-at="2025-03-01T14:32:00 IST" name="TestAddToCartPage_TC_002" description="Verify that an iMac can be added to cart successfully and checkout is completed" finished-at="2025-03-01T14:32:01 IST" duration-ms="863" status="FAIL">
          <exception class="java.lang.AssertionError">
            <message>
              <![CDATA[Text mismatch: Expected ' null ' but found 'iMac' expected [iMac] but found [null]]]>
            </message>
            <full-stacktrace>
              <![CDATA[java.lang.AssertionError: Text mismatch: Expected ' null ' but found 'iMac' expected [iMac] but found [null]
at org.testng.Assert.fail(Assert.java:111)
at org.testng.Assert.failNotEquals(Assert.java:1578)
at org.testng.Assert.assertEqualsImpl(Assert.java:150)
at org.testng.Assert.assertEquals(Assert.java:132)
at org.testng.Assert.assertEquals(Assert.java:656)
at com.ninja.qa.AddToCartPage_TC_002.TestAddToCartPage_TC_002(AddToCartPage_TC_002.java:35)
at java.base/jdk.internal.reflect.NativeMethodAccessorImpl.invoke0(Native Method)
at java.base/jdk.internal.reflect.NativeMethodAccessorImpl.invoke(NativeMethodAccessorImpl.java:77)
at java.base/jdk.internal.reflect.DelegatingMethodAccessorImpl.invoke(DelegatingMethodAccessorImpl.java:43)
at java.base/java.lang.reflect.Method.invoke(Method.java:568)
at org.testng.internal.invokers.MethodInvocationHelper.invokeMethod(MethodInvocationHelper.java:141)
at org.testng.internal.invokers.TestInvoker.invokeMethod(TestInvoker.java:686)
at org.testng.internal.invokers.TestInvoker.invokeTestMethod(TestInvoker.java:230)
at org.testng.internal.invokers.MethodRunner.runInSequence(MethodRunner.java:63)
at org.testng.internal.invokers.TestInvoker$MethodInvocationAgent.invoke(TestInvoker.java:992)
at org.testng.internal.invokers.TestInvoker.invokeTestMethods(TestInvoker.java:203)
at org.testng.internal.invokers.TestMethodWorker.invokeTestMethods(TestMethodWorker.java:154)
at org.testng.internal.invokers.TestMethodWorker.run(TestMethodWorker.java:134)
at java.base/java.util.ArrayList.forEach(ArrayList.java:1511)
at org.testng.TestRunner.privateRun(TestRunner.java:739)
at org.testng.TestRunner.run(TestRunner.java:614)
at org.testng.SuiteRunner.runTest(SuiteRunner.java:421)
at org.testng.SuiteRunner.runSequentially(SuiteRunner.java:413)
at org.testng.SuiteRunner.privateRun(SuiteRunner.java:373)
at org.testng.SuiteRunner.run(SuiteRunner.java:312)
at org.testng.SuiteRunnerWorker.runSuite(SuiteRunnerWorker.java:52)
at org.testng.SuiteRunnerWorker.run(SuiteRunnerWorker.java:95)
at org.testng.TestNG.runSuitesSequentially(TestNG.java:1274)
at org.testng.TestNG.runSuitesLocally(TestNG.java:1208)
at org.testng.TestNG.runSuites(TestNG.java:1112)
at org.testng.TestNG.run(TestNG.java:1079)
at org.testng.remote.AbstractRemoteTestNG.run(AbstractRemoteTestNG.java:115)
at org.testng.remote.RemoteTestNG.initAndRun(RemoteTestNG.java:293)
at org.testng.remote.RemoteTestNG.main(RemoteTestNG.java:91)
]]>
            </full-stacktrace>
          </exception> <!-- java.lang.AssertionError -->
          <reporter-output>
          </reporter-output>
        </test-method> <!-- TestAddToCartPage_TC_002 -->
        <test-method is-config="true" signature="tearDown()[pri:0, instance:com.ninja.qa.AddToCartPage_TC_002@6995bf68]" started-at="2025-03-01T14:32:01 IST" name="tearDown" finished-at="2025-03-01T14:32:01 IST" duration-ms="247" status="PASS">
          <reporter-output>
          </reporter-output>
        </test-method> <!-- tearDown -->
      </class> <!-- com.ninja.qa.AddToCartPage_TC_002 -->
      <class name="com.ninja.qa.AddressPageTest_TC_003">
        <test-method is-config="true" signature="setUp()[pri:0, instance:com.ninja.qa.AddressPageTest_TC_003@5143c662]" started-at="2025-03-01T14:32:01 IST" name="setUp" finished-at="2025-03-01T14:32:04 IST" duration-ms="3338" status="PASS">
          <reporter-output>
          </reporter-output>
        </test-method> <!-- setUp -->
        <test-method signature="FillAllRegistrationDetails()[pri:0, instance:com.ninja.qa.AddressPageTest_TC_003@5143c662]" started-at="2025-03-01T14:32:04 IST" name="FillAllRegistrationDetails" description="Filling Address Details for the logged in User" finished-at="2025-03-01T14:32:07 IST" duration-ms="2950" status="PASS">
          <reporter-output>
            <line>
              <![CDATA[Test Description: Filling Address Details for the logged-in User]]>
            </line>
          </reporter-output>
        </test-method> <!-- FillAllRegistrationDetails -->
        <test-method is-config="true" signature="tearDown()[pri:0, instance:com.ninja.qa.AddressPageTest_TC_003@5143c662]" started-at="2025-03-01T14:32:07 IST" name="tearDown" finished-at="2025-03-01T14:32:07 IST" duration-ms="266" status="PASS">
          <reporter-output>
          </reporter-output>
        </test-method> <!-- tearDown -->
      </class> <!-- com.ninja.qa.AddressPageTest_TC_003 -->
    </test> <!-- GLAMS Address Page Test -->
  </suite> <!-- GLAMS Test Suite -->
</testng-results>
